mktextfm 
mktextfm 
mktextfm 
mktextfm 
mktextfm 
mktextfm 
mktextfm 
mktextfm 
mktextfm 
mktextfm 
mktextfm 
mktextfm 
mktextfm 
mktextfm 
mktextfm 
mktextfm 
mktextfm 
mktextfm 
mktextfm 
mktextfm 
mktextfm S
mktextfm S
mktextfm S
mktextfm S/BI
mktextfm S
mktextfm S/B
mktextfm S
mktextfm S/I
mktextfm S
mktextfm S
mktextfm Monserrat
mktextfm Monserrat
mktextfm Monserrat
mktextfm Monserrat/BI
mktextfm Monserrat
mktextfm Monserrat/B
mktextfm Monserrat
mktextfm Monserrat/I
mktextfm Monserrat
mktextfm Monserrat
mktextfm Monserrat
mktextfm Monserrat
mktextfm Monserrat
mktextfm Monserrat
mktextfm Monserrat
mktextfm Monserrat
mktextfm Monserrat
mktextfm Monserrat
mktextfm Monserrat/BI
mktextfm Monserrat
mktextfm Monserrat/B
mktextfm Monserrat
mktextfm Monserrat/I
mktextfm Monserrat
mktextfm Monserrat
mktextfm 
mktextfm Monserrat
mktextfm 
mktextfm 
mktextfm 
mktextfm 
mktextfm 
mktextfm 
mktextfm 
mktextfm 
mktextfm 
mktextfm Monserrat
mktextfm Monserrat
mktextfm Monserrat
mktextfm Monserrat/BI
mktextfm Monserrat
mktextfm Monserrat/B
mktextfm Monserrat
mktextfm Monserrat/I
mktextfm Monserrat
mktextfm Monserrat
mktextfm 
mktextfm Monserrat
mktextfm 
mktextfm 
mktextfm 
mktextfm 
mktextfm 
mktextfm 
mktextfm 
mktextfm 
mktextfm 
mktextfm Monserrat
mktextfm Monserrat
mktextfm Monserrat
mktextfm Monserrat
mktextfm 
mktextfm 
mktextfm 
mktextfm 
mktextfm 
mktextfm 
mktextfm 
mktextfm 
mktextfm 
mktextfm 
mktextfm 
mktextfm 
mktextfm 
mktextfm 
mktextfm 
mktextfm 
mktextfm 
mktextfm 
mktextfm 
mktextfm 
mktextfm 
mktextfm 
mktextfm 
mktextfm 
mktextfm 
mktextfm 
mktextfm 
mktextfm 
mktextfm 
mktextfm 
mktextfm 
mktextfm 
mktextfm 
mktextfm 
mktextfm 
mktextfm 
mktextfm 
mktextfm 
mktextfm 
mktextfm 
mktextfm 
mktextfm 
mktextfm 
mktextfm 
mktextfm 
mktextfm 
mktextfm 
mktextfm 
mktextfm 
mktextfm 
mktextfm montserrat
mktextfm montserrat
mktextfm montserrat
mktextfm montserrat/BI
mktextfm montserrat
mktextfm montserrat/B
mktextfm montserrat
mktextfm montserrat/I
mktextfm montserrat
mktextfm montserrat
mktextfm 
mktextfm montserrat
mktextfm 
mktextfm 
mktextfm 
mktextfm 
mktextfm 
mktextfm 
mktextfm 
mktextfm 
mktextfm 
mktextfm montserrat
mktextfm montserrat
mktextfm montserrat
mktextfm montserrat
mktextfm 
mktextfm 
mktextfm 
mktextfm 
mktextfm 
mktextfm 
mktextfm 
mktextfm 
mktextfm 
mktextfm 
mktextfm 
mktextfm 
mktextfm 
mktextfm 
mktextfm 
mktextfm 
mktextfm 
mktextfm 
mktextfm 
mktextfm 
mktextfm 
mktextfm 
mktextfm 
mktextfm 
mktextfm 
mktextfm 
mktextfm 
mktextfm 
mktextfm 
mktextfm 
mktextfm MontserratAlternates
mktextfm MontserratAlternates
mktextfm MontserratAlternates
mktextfm MontserratAlternates/BI
mktextfm MontserratAlternates
mktextfm MontserratAlternates/B
mktextfm MontserratAlternates
mktextfm MontserratAlternates/I
mktextfm MontserratAlternates
mktextfm MontserratAlternates
mktextfm MontserratAlternates
mktextfm MontserratAlternates
mktextfm MontserratAlternates
mktextfm MontserratAlternates
mktextfm MontserratAlternates
